<?xml version="1.0" encoding="UTF-8"?>
<!-- Generated by org.testng.reporters.JUnitReportReporter -->
<testsuite hostname="DESKTOP-T1QAB8N" failures="0" tests="12" name="runners.TestRunner" time="163.092" errors="0" timestamp="2022-03-24T23:35:18 EET" skipped="0">
  <testcase classname="runners.TestRunner" name="runScenario" time="6.081"/>
  <system-out/>
  <testcase classname="runners.TestRunner" name="runScenario" time="12.705"/>
  <system-out/>
  <testcase classname="runners.TestRunner" name="runScenario" time="13.261"/>
  <system-out/>
  <testcase classname="runners.TestRunner" name="runScenario" time="21.208"/>
  <system-out/>
  <testcase classname="runners.TestRunner" name="runScenario" time="9.534"/>
  <system-out/>
  <testcase classname="runners.TestRunner" name="runScenario" time="11.320"/>
  <system-out/>
  <testcase classname="runners.TestRunner" name="runScenario" time="7.274"/>
  <system-out/>
  <testcase classname="runners.TestRunner" name="runScenario" time="17.925"/>
  <system-out/>
  <testcase classname="runners.TestRunner" name="runScenario" time="19.156"/>
  <system-out/>
  <testcase classname="runners.TestRunner" name="runScenario" time="14.487"/>
  <system-out/>
  <testcase classname="runners.TestRunner" name="runScenario" time="6.236"/>
  <system-out/>
  <testcase classname="runners.TestRunner" name="runScenario" time="23.905"/>
  <system-out/>
</testsuite> <!-- runners.TestRunner -->
